<?xml version='1.0' encoding='UTF-8'?>
<testsuite hostname="Ravis-MBP.hsd1.ca.comcast.net" name="DebtsTest" tests="2" errors="0" failures="0" skipped="0" time="1.279" timestamp="2021-04-01T16:11:49">
                     <properties>
      <property name="java.specification.version" value="14"/><property name="sun.jnu.encoding" value="UTF-8"/><property name="sun.arch.data.model" value="64"/><property name="sbt.supershell" value="false"/><property name="java.vendor.url" value="https://java.oracle.com/"/><property name="sun.boot.library.path" value="/Library/Java/JavaVirtualMachines/jdk-14.0.1.jdk/Contents/Home/lib"/><property name="sun.java.command" value="/Users/ravikrovvidi/Library/Application Support/JetBrains/IdeaIC2020.1/plugins/Scala/launcher/sbt-launch.jar early(addPluginSbtFile=&quot;&quot;&quot;/private/var/folders/r1/pcxdhjpx7pd42gh38rhd30hw0000gn/T/idea.sbt&quot;&quot;&quot;) ; set ideaPort in Global := 49304 ; idea-shell"/><property name="jdk.debug" value="release"/><property name="java.specification.vendor" value="Oracle Corporation"/><property name="java.version.date" value="2020-04-14"/><property name="java.home" value="/Library/Java/JavaVirtualMachines/jdk-14.0.1.jdk/Contents/Home"/><property name="file.separator" value="/"/><property name="java.vm.compressedOopsMode" value="Zero based"/><property name="line.separator" value="
"/><property name="java.vm.specification.vendor" value="Oracle Corporation"/><property name="java.specification.name" value="Java Platform API Specification"/><property name="sun.management.compiler" value="HotSpot 64-Bit Tiered Compilers"/><property name="java.runtime.version" value="14.0.1+7"/><property name="user.name" value="ravikrovvidi"/><property name="log4j.ignoreTCL" value="true"/><property name="file.encoding" value="UTF-8"/><property name="jnidispatch.path" value="/Users/ravikrovvidi/Library/Caches/JNA/temp/jna3847097898244677040.tmp"/><property name="jna.loaded" value="true"/><property name="java.io.tmpdir" value="/var/folders/r1/pcxdhjpx7pd42gh38rhd30hw0000gn/T/"/><property name="java.version" value="14.0.1"/><property name="java.vm.specification.name" value="Java Virtual Machine Specification"/><property name="java.library.path" value="/Users/ravikrovvidi/Library/Java/Extensions:/Library/Java/Extensions:/Network/Library/Java/Extensions:/System/Library/Java/Extensions:/usr/lib/java:."/><property name="java.vendor" value="Oracle Corporation"/><property name="sun.io.unicode.encoding" value="UnicodeBig"/><property name="socksNonProxyHosts" value="local|*.local|169.254/16|*.169.254/16"/><property name="java.class.path" value="/Users/ravikrovvidi/Library/Application Support/JetBrains/IdeaIC2020.1/plugins/Scala/launcher/sbt-launch.jar"/><property name="java.vm.vendor" value="Oracle Corporation"/><property name="jline.shutdownhook" value="false"/><property name="user.timezone" value="America/Los_Angeles"/><property name="java.vm.specification.version" value="14"/><property name="os.name" value="Mac OS X"/><property name="sun.java.launcher" value="SUN_STANDARD"/><property name="user.country" value="US"/><property name="http.nonProxyHosts" value="local|*.local|169.254/16|*.169.254/16"/><property name="sun.cpu.endian" value="little"/><property name="user.home" value="/Users/ravikrovvidi"/><property name="user.language" value="en"/><property name="swoval.tmpdir" value="/Users/ravikrovvidi/.sbt/1.0"/><property name="jline.esc.timeout" value="0"/><property name="ftp.nonProxyHosts" value="local|*.local|169.254/16|*.169.254/16"/><property name="path.separator" value=":"/><property name="os.version" value="10.16"/><property name="jna.nosys" value="true"/><property name="java.runtime.name" value="Java(TM) SE Runtime Environment"/><property name="java.vm.name" value="Java HotSpot(TM) 64-Bit Server VM"/><property name="jna.platform.library.path" value="/usr/lib:/usr/lib"/><property name="java.vendor.url.bug" value="https://bugreport.java.com/bugreport/"/><property name="user.dir" value="/Users/ravikrovvidi/Documents/work/trueaccord_proj"/><property name="os.arch" value="x86_64"/><property name="idea.managed" value="true"/><property name="java.vm.info" value="mixed mode, sharing"/><property name="java.vm.version" value="14.0.1+7"/><property name="java.class.version" value="58.0"/>
    </properties>
                     <testcase classname="DebtsTest" name="Debts Is Not An empty List should Have size Greater Than 0" time="0.359">
                                                 
                                               </testcase><testcase classname="DebtsTest" name="Debts Is Not An empty List should Debts getDebts List throw an IndexOutOfBoundsException when trying to access any element outside of the Size" time="0.92">
                                                 
                                               </testcase>
                     <system-out><![CDATA[]]></system-out>
                     <system-err><![CDATA[]]></system-err>
                   </testsuite>